2015-11-06 09:55:38,452 [main            ] [          ] INFO  org.eclipse.jetty.server.Server - jetty-8.1.8.v20121106
2015-11-06 09:55:39,454 [main            ] [          ] INFO  restx.RestxMainRouterFactory - LOADING MAIN ROUTER
2015-11-06 09:55:39,468 [main            ] [          ] INFO  restx.RestxMainRouterFactory - 
--------------------------------------
 -- RESTX >> LOAD ON REQUEST << >> DEV MODE << >> AUTO COMPILE <<
 -- for admin console,
 --   VISIT http://127.0.0.1:9090/api/@/ui/
 --

2015-11-06 09:55:39,526 [main            ] [          ] INFO  restx.Apps - can't enable Apidocs doclet: make sure tools.jar is in your classpath
2015-11-06 09:55:42,746 [pool-1-thread-1 ] [          ] INFO  restx.classloader.CompilationManager - compilation finished: 4 sources compiled in 3.038 s
2015-11-06 09:55:43,233 [main            ] [          ] INFO  restx.Apps - can't enable Apidocs doclet: make sure tools.jar is in your classpath
2015-11-06 09:55:43,345 [main            ] [          ] INFO  restx.classloader.CompilationManager - watching for changes in [src/main/java, src/main/resources]; current location is /home/steffen/workspace/euler/.
2015-11-06 09:55:43,493 [main            ] [          ] INFO  restx.monitor.MetricsConfiguration - registering Metrics JVM metrics
2015-11-06 09:55:52,442 [qtp422392391-21 ] [          ] INFO  o.h.validator.internal.util.Version - HV000001: Hibernate Validator 5.0.1.Final
2015-11-06 09:55:52,738 [qtp422392391-21 ] [          ] INFO  restx.RestxMainRouterFactory - [RESTX REQUEST] GET /@/ui/ - per request factory created in 1.315 s
2015-11-06 09:55:53,347 [qtp422392391-24 ] [          ] INFO  restx.RestxMainRouterFactory - [RESTX REQUEST] GET /@/ui/js/admin.js - per request factory created in 283.7 ms
2015-11-06 09:55:53,386 [qtp422392391-23 ] [          ] INFO  restx.RestxMainRouterFactory - [RESTX REQUEST] GET /@/ui/css/bootstrap.min.css - per request factory created in 416.6 ms
2015-11-06 09:55:53,395 [qtp422392391-21 ] [          ] INFO  restx.RestxMainRouterFactory - [RESTX REQUEST] GET /@/ui/js/securityHandling.js - per request factory created in 369.9 ms
2015-11-06 09:55:53,428 [qtp422392391-22 ] [          ] INFO  restx.RestxMainRouterFactory - [RESTX REQUEST] GET /@/ui/css/admin.css - per request factory created in 457.6 ms
2015-11-06 09:55:54,015 [qtp422392391-22 ] [          ] INFO  restx.RestxMainRouterFactory - [RESTX REQUEST] GET /sessions/current - per request factory created in 257.7 ms
2015-11-06 09:55:54,034 [qtp422392391-22 ] [          ] INFO  restx.StdRestxMainRouter - << [RESTX REQUEST] GET /sessions/current >> UNAUTHORIZED - 18.32 ms
2015-11-06 09:55:54,051 [qtp422392391-24 ] [          ] INFO  restx.RestxMainRouterFactory - [RESTX REQUEST] GET /@/pages - per request factory created in 289.4 ms
2015-11-06 09:55:54,056 [qtp422392391-24 ] [          ] INFO  restx.StdRestxMainRouter - << [RESTX REQUEST] GET /@/pages >> UNAUTHORIZED - 3.664 ms
2015-11-06 09:55:54,704 [qtp422392391-24 ] [          ] INFO  restx.RestxMainRouterFactory - [RESTX REQUEST] GET /@/ui/css/alertify.core.css - per request factory created in 234.2 ms
2015-11-06 09:55:54,905 [qtp422392391-21 ] [          ] INFO  restx.RestxMainRouterFactory - [RESTX REQUEST] GET /@/ui/js/jquery.querystring.js - per request factory created in 217.0 ms
2015-11-06 09:55:54,907 [qtp422392391-26 ] [          ] INFO  restx.RestxMainRouterFactory - [RESTX REQUEST] GET /@/ui/css/login.css - per request factory created in 279.6 ms
2015-11-06 09:55:54,950 [qtp422392391-24 ] [          ] INFO  restx.RestxMainRouterFactory - [RESTX REQUEST] GET /@/ui/js/alertify.min.js - per request factory created in 207.3 ms
2015-11-06 09:55:54,953 [qtp422392391-23 ] [          ] INFO  restx.RestxMainRouterFactory - [RESTX REQUEST] GET /@/ui/css/admin.css - per request factory created in 359.5 ms
2015-11-06 09:55:54,967 [qtp422392391-25 ] [          ] INFO  restx.RestxMainRouterFactory - [RESTX REQUEST] GET /@/ui/js/Spark-md5.min.js - per request factory created in 325.1 ms
2015-11-06 09:55:55,053 [qtp422392391-22 ] [          ] INFO  restx.RestxMainRouterFactory - [RESTX REQUEST] GET /@/ui/js/login.js - per request factory created in 310.4 ms
2015-11-06 09:56:03,489 [qtp422392391-22 ] [          ] INFO  restx.StdRestxMainRouter - << [RESTX REQUEST] POST /sessions >> OK - 483.6 ms
2015-11-06 09:56:04,071 [qtp422392391-24 ] [          ] INFO  restx.RestxMainRouterFactory - [RESTX REQUEST] GET /@/ui/css/bootstrap.min.css - per request factory created in 249.4 ms
2015-11-06 09:56:04,530 [qtp422392391-22 ] [admin     ] INFO  restx.StdRestxMainRouter - << [RESTX REQUEST] GET /sessions/current >> OK - 39.22 ms
2015-11-06 09:56:04,587 [qtp422392391-23 ] [          ] INFO  restx.RestxMainRouterFactory - [RESTX REQUEST] GET /@/pages - per request factory created in 249.0 ms
2015-11-06 09:56:04,639 [qtp422392391-23 ] [admin     ] INFO  restx.StdRestxMainRouter - << [RESTX REQUEST] GET /@/pages >> OK - 50.10 ms
2015-11-06 09:56:06,935 [qtp422392391-22 ] [          ] INFO  restx.RestxMainRouterFactory - [RESTX REQUEST] GET /@/ui/css/bootstrap.min.css - per request factory created in 202.1 ms
2015-11-06 09:56:07,023 [qtp422392391-26 ] [          ] INFO  restx.RestxMainRouterFactory - [RESTX REQUEST] GET /@/ui/api-docs/lib/jquery.scrollto.js - per request factory created in 232.1 ms
2015-11-06 09:56:07,054 [qtp422392391-24 ] [          ] INFO  restx.RestxMainRouterFactory - [RESTX REQUEST] GET /@/ui/api-docs/lib/underscore.string.js - per request factory created in 285.6 ms
2015-11-06 09:56:07,308 [qtp422392391-23 ] [          ] INFO  restx.RestxMainRouterFactory - [RESTX REQUEST] GET /@/ui/js/securityHandling.js - per request factory created in 326.8 ms
2015-11-06 09:56:07,334 [qtp422392391-21 ] [          ] INFO  restx.RestxMainRouterFactory - [RESTX REQUEST] GET /@/ui/api-docs/js/services/Api.js - per request factory created in 243.3 ms
2015-11-06 09:56:07,357 [qtp422392391-22 ] [          ] INFO  restx.RestxMainRouterFactory - [RESTX REQUEST] GET /@/ui/api-docs/js/controllers/ApisController.js - per request factory created in 251.7 ms
2015-11-06 09:56:07,367 [qtp422392391-26 ] [          ] INFO  restx.RestxMainRouterFactory - [RESTX REQUEST] GET /@/ui/api-docs/js/controllers/OperationController.js - per request factory created in 249.6 ms
2015-11-06 09:56:07,416 [qtp422392391-25 ] [          ] INFO  restx.RestxMainRouterFactory - [RESTX REQUEST] GET /@/ui/js/admin.js - per request factory created in 340.7 ms
2015-11-06 09:56:07,437 [qtp422392391-27 ] [          ] INFO  restx.RestxMainRouterFactory - [RESTX REQUEST] GET /@/ui/api-docs/js/controllers/EntityController.js - per request factory created in 252.0 ms
2015-11-06 09:56:07,905 [qtp422392391-24 ] [          ] INFO  restx.RestxMainRouterFactory - [RESTX REQUEST] GET /@/pages - per request factory created in 237.2 ms
2015-11-06 09:56:07,943 [qtp422392391-23 ] [          ] INFO  restx.RestxMainRouterFactory - [RESTX REQUEST] GET /sessions/current - per request factory created in 259.0 ms
2015-11-06 09:56:07,983 [qtp422392391-26 ] [          ] INFO  restx.RestxMainRouterFactory - [RESTX REQUEST] GET /@/ui/api-docs/views/apis.html - per request factory created in 226.7 ms
2015-11-06 09:56:08,009 [qtp422392391-24 ] [admin     ] INFO  restx.StdRestxMainRouter - << [RESTX REQUEST] GET /@/pages >> OK - 98.76 ms
2015-11-06 09:56:08,061 [qtp422392391-23 ] [admin     ] INFO  restx.StdRestxMainRouter - << [RESTX REQUEST] GET /sessions/current >> OK - 112.2 ms
2015-11-06 09:56:08,224 [qtp422392391-22 ] [admin     ] INFO  restx.StdRestxMainRouter - << [RESTX REQUEST] GET /@/pages >> OK - 41.09 ms
2015-11-06 09:56:08,235 [qtp422392391-25 ] [admin     ] INFO  restx.StdRestxMainRouter - << [RESTX REQUEST] GET /sessions/current >> OK - 59.12 ms
2015-11-06 09:56:08,382 [qtp422392391-27 ] [admin     ] INFO  restx.StdRestxMainRouter - << [RESTX REQUEST] GET /@/api-docs >> OK - 149.2 ms
2015-11-06 09:56:08,701 [qtp422392391-24 ] [admin     ] INFO  restx.StdRestxMainRouter - << [RESTX REQUEST] GET /@/api-docs/euler >> OK - 165.9 ms
2015-11-06 09:56:08,787 [qtp422392391-21 ] [          ] INFO  restx.RestxMainRouterFactory - [RESTX REQUEST] GET /@/api-docs/specs - per request factory created in 274.6 ms
2015-11-06 09:56:08,890 [qtp422392391-22 ] [          ] INFO  restx.RestxMainRouterFactory - [RESTX REQUEST] GET /@/api-docs/config - per request factory created in 377.1 ms
2015-11-06 09:56:08,907 [qtp422392391-26 ] [admin     ] INFO  restx.StdRestxMainRouter - << [RESTX REQUEST] GET /@/api-docs/admin-pages >> OK - 302.2 ms
2015-11-06 09:56:08,944 [qtp422392391-25 ] [admin     ] INFO  restx.StdRestxMainRouter - << [RESTX REQUEST] GET /@/api-docs/messages >> OK - 263.1 ms
2015-11-06 09:56:08,952 [qtp422392391-23 ] [admin     ] INFO  restx.StdRestxMainRouter - << [RESTX REQUEST] GET /@/api-docs/json-schema >> OK - 346.1 ms
2015-11-06 09:56:09,023 [qtp422392391-24 ] [          ] INFO  restx.RestxMainRouterFactory - [RESTX REQUEST] GET /@/api-docs/messages-admin - per request factory created in 316.5 ms
2015-11-06 09:56:09,075 [qtp422392391-22 ] [admin     ] INFO  restx.StdRestxMainRouter - << [RESTX REQUEST] GET /@/api-docs/config >> OK - 184.4 ms
2015-11-06 09:56:09,106 [qtp422392391-21 ] [admin     ] INFO  restx.StdRestxMainRouter - << [RESTX REQUEST] GET /@/api-docs/specs >> OK - 305.0 ms
2015-11-06 09:56:09,208 [qtp422392391-26 ] [          ] INFO  restx.RestxMainRouterFactory - [RESTX REQUEST] GET /@/api-docs/log-admin - per request factory created in 268.8 ms
2015-11-06 09:56:09,209 [qtp422392391-23 ] [          ] INFO  restx.RestxMainRouterFactory - [RESTX REQUEST] GET /@/api-docs/monitor - per request factory created in 247.7 ms
2015-11-06 09:56:09,232 [qtp422392391-24 ] [admin     ] INFO  restx.StdRestxMainRouter - << [RESTX REQUEST] GET /@/api-docs/messages-admin >> OK - 182.3 ms
2015-11-06 09:56:09,253 [qtp422392391-25 ] [          ] INFO  restx.RestxMainRouterFactory - [RESTX REQUEST] GET /@/api-docs/metrics - per request factory created in 305.4 ms
2015-11-06 09:56:09,328 [qtp422392391-22 ] [          ] INFO  restx.RestxMainRouterFactory - [RESTX REQUEST] GET /@/api-docs/sessions - per request factory created in 206.0 ms
2015-11-06 09:56:09,346 [qtp422392391-26 ] [admin     ] INFO  restx.StdRestxMainRouter - << [RESTX REQUEST] GET /@/api-docs/log-admin >> OK - 121.3 ms
2015-11-06 09:56:09,354 [qtp422392391-23 ] [admin     ] INFO  restx.StdRestxMainRouter - << [RESTX REQUEST] GET /@/api-docs/monitor >> OK - 124.4 ms
2015-11-06 09:56:09,381 [qtp422392391-21 ] [          ] INFO  restx.RestxMainRouterFactory - [RESTX REQUEST] GET /@/api-docs/session - per request factory created in 266.0 ms
2015-11-06 09:56:09,407 [qtp422392391-25 ] [admin     ] INFO  restx.StdRestxMainRouter - << [RESTX REQUEST] GET /@/api-docs/metrics >> OK - 142.4 ms
2015-11-06 09:56:09,419 [qtp422392391-22 ] [admin     ] INFO  restx.StdRestxMainRouter - << [RESTX REQUEST] GET /@/api-docs/sessions >> OK - 89.95 ms
2015-11-06 09:56:09,513 [qtp422392391-21 ] [admin     ] INFO  restx.StdRestxMainRouter - << [RESTX REQUEST] GET /@/api-docs/session >> OK - 124.4 ms
2015-11-06 09:56:11,823 [qtp422392391-21 ] [admin     ] INFO  restx.StdRestxMainRouter - << [RESTX REQUEST] GET /@/api-docs >> OK - 121.5 ms
2015-11-06 09:56:11,826 [qtp422392391-27 ] [admin     ] INFO  restx.StdRestxMainRouter - << [RESTX REQUEST] GET /@/api-docs/euler >> OK - 65.66 ms
2015-11-06 09:56:11,957 [qtp422392391-26 ] [admin     ] INFO  restx.StdRestxMainRouter - << [RESTX REQUEST] GET /@/api-docs/notes/com.stekodyne.rest.EulerResource.notes.json >> NOT_FOUND - 31.78 ms
2015-11-06 09:56:12,097 [qtp422392391-23 ] [admin     ] INFO  restx.StdRestxMainRouter - << [RESTX REQUEST] GET /@/specs ? httpMethod=GET&path=/euler/1 >> OK - 98.24 ms
2015-11-06 09:56:17,589 [qtp422392391-27 ] [admin     ] INFO  restx.StdRestxMainRouter - << [RESTX REQUEST] GET /euler/1 ? upto=10 >> OK - 84.94 ms
2015-11-06 09:56:26,094 [qtp422392391-26 ] [admin     ] INFO  restx.StdRestxMainRouter - << [RESTX REQUEST] GET /euler/1 ? upto=1000 >> OK - 19.30 ms
2015-11-06 10:00:38,561 [Thread-1        ] [          ] INFO  o.e.j.s.listener.ELContextCleaner - javax.el.BeanELResolver purged
2015-11-06 10:00:38,619 [Thread-1        ] [          ] INFO  o.e.jetty.util.thread.ShutdownThread - shutdown already commenced
2015-11-06 10:51:35,674 [main            ] [          ] INFO  org.eclipse.jetty.server.Server - jetty-8.1.8.v20121106
2015-11-06 10:51:36,626 [main            ] [          ] INFO  restx.RestxMainRouterFactory - LOADING MAIN ROUTER
2015-11-06 10:51:36,638 [main            ] [          ] INFO  restx.RestxMainRouterFactory - 
--------------------------------------
 -- RESTX >> LOAD ON REQUEST << >> DEV MODE << >> AUTO COMPILE <<
 -- for admin console,
 --   VISIT http://127.0.0.1:9090/api/@/ui/
 --

2015-11-06 10:51:36,700 [main            ] [          ] INFO  restx.Apps - can't enable Apidocs doclet: make sure tools.jar is in your classpath
2015-11-06 10:51:39,219 [pool-1-thread-1 ] [          ] INFO  restx.classloader.CompilationManager - compilation finished: 2 sources compiled in 2.326 s
2015-11-06 10:51:39,510 [main            ] [          ] INFO  restx.Apps - can't enable Apidocs doclet: make sure tools.jar is in your classpath
2015-11-06 10:51:39,560 [main            ] [          ] INFO  restx.classloader.CompilationManager - watching for changes in [src/main/java, src/main/resources]; current location is /home/steffen/workspace/euler/.
2015-11-06 10:51:39,630 [main            ] [          ] INFO  restx.monitor.MetricsConfiguration - registering Metrics JVM metrics
2015-11-06 10:51:52,648 [qtp422392391-21 ] [          ] INFO  o.h.validator.internal.util.Version - HV000001: Hibernate Validator 5.0.1.Final
2015-11-06 10:51:52,872 [qtp422392391-21 ] [          ] INFO  restx.RestxMainRouterFactory - [RESTX REQUEST] GET /@/ui/api-docs/ - per request factory created in 964.0 ms
2015-11-06 10:51:53,960 [qtp422392391-23 ] [          ] INFO  restx.RestxMainRouterFactory - [RESTX REQUEST] GET /@/ui/api-docs/lib/jquery.scrollto.js - per request factory created in 520.7 ms
2015-11-06 10:51:54,003 [qtp422392391-24 ] [          ] INFO  restx.RestxMainRouterFactory - [RESTX REQUEST] GET /@/ui/api-docs/js/app.js - per request factory created in 551.7 ms
2015-11-06 10:51:54,006 [qtp422392391-21 ] [          ] INFO  restx.RestxMainRouterFactory - [RESTX REQUEST] GET /@/ui/api-docs/lib/keymaster.min.js - per request factory created in 622.4 ms
2015-11-06 10:51:54,039 [qtp422392391-25 ] [          ] INFO  restx.RestxMainRouterFactory - [RESTX REQUEST] GET /@/ui/api-docs/lib/underscore.string.js - per request factory created in 586.7 ms
2015-11-06 10:51:54,049 [qtp422392391-22 ] [          ] INFO  restx.RestxMainRouterFactory - [RESTX REQUEST] GET /@/ui/css/bootstrap.min.css - per request factory created in 670.4 ms
2015-11-06 10:51:54,053 [qtp422392391-26 ] [          ] INFO  restx.RestxMainRouterFactory - [RESTX REQUEST] GET /@/ui/api-docs/css/docs.css - per request factory created in 577.2 ms
2015-11-06 10:51:54,534 [qtp422392391-27 ] [          ] INFO  restx.RestxMainRouterFactory - [RESTX REQUEST] GET /@/ui/js/securityHandling.js - per request factory created in 365.1 ms
2015-11-06 10:51:54,623 [qtp422392391-25 ] [          ] INFO  restx.RestxMainRouterFactory - [RESTX REQUEST] GET /@/ui/api-docs/js/services/Api.js - per request factory created in 339.4 ms
2015-11-06 10:51:54,656 [qtp422392391-21 ] [          ] INFO  restx.RestxMainRouterFactory - [RESTX REQUEST] GET /@/ui/js/admin.js - per request factory created in 393.2 ms
2015-11-06 10:51:54,659 [qtp422392391-24 ] [          ] INFO  restx.RestxMainRouterFactory - [RESTX REQUEST] GET /@/ui/api-docs/js/controllers/OperationController.js - per request factory created in 363.7 ms
2015-11-06 10:51:54,749 [qtp422392391-23 ] [          ] INFO  restx.RestxMainRouterFactory - [RESTX REQUEST] GET /@/ui/api-docs/js/controllers/ApisController.js - per request factory created in 456.6 ms
2015-11-06 10:51:54,783 [qtp422392391-26 ] [          ] INFO  restx.RestxMainRouterFactory - [RESTX REQUEST] GET /@/ui/api-docs/js/controllers/EntityController.js - per request factory created in 400.6 ms
2015-11-06 10:51:55,357 [qtp422392391-25 ] [          ] INFO  restx.RestxMainRouterFactory - [RESTX REQUEST] GET /sessions/current - per request factory created in 246.2 ms
2015-11-06 10:51:55,390 [qtp422392391-27 ] [          ] INFO  restx.RestxMainRouterFactory - [RESTX REQUEST] GET /@/pages - per request factory created in 289.7 ms
2015-11-06 10:51:55,510 [qtp422392391-22 ] [          ] INFO  restx.RestxMainRouterFactory - [RESTX REQUEST] GET /@/ui/api-docs/views/apis.html - per request factory created in 304.0 ms
2015-11-06 10:51:55,560 [qtp422392391-27 ] [admin     ] INFO  restx.StdRestxMainRouter - << [RESTX REQUEST] GET /@/pages >> OK - 151.9 ms
2015-11-06 10:51:55,572 [qtp422392391-25 ] [admin     ] INFO  restx.StdRestxMainRouter - << [RESTX REQUEST] GET /sessions/current >> OK - 198.7 ms
2015-11-06 10:51:55,842 [qtp422392391-25 ] [          ] INFO  restx.RestxMainRouterFactory - [RESTX REQUEST] GET /sessions/current - per request factory created in 267.3 ms
2015-11-06 10:51:55,860 [qtp422392391-27 ] [          ] INFO  restx.RestxMainRouterFactory - [RESTX REQUEST] GET /@/pages - per request factory created in 280.5 ms
2015-11-06 10:51:55,916 [qtp422392391-27 ] [admin     ] INFO  restx.StdRestxMainRouter - << [RESTX REQUEST] GET /@/pages >> OK - 49.12 ms
2015-11-06 10:51:55,919 [qtp422392391-23 ] [          ] INFO  restx.RestxMainRouterFactory - [RESTX REQUEST] GET /@/api-docs - per request factory created in 240.7 ms
2015-11-06 10:51:55,929 [qtp422392391-25 ] [admin     ] INFO  restx.StdRestxMainRouter - << [RESTX REQUEST] GET /sessions/current >> OK - 59.57 ms
2015-11-06 10:51:56,092 [qtp422392391-23 ] [admin     ] INFO  restx.StdRestxMainRouter - << [RESTX REQUEST] GET /@/api-docs >> OK - 172.7 ms
2015-11-06 10:51:56,397 [qtp422392391-21 ] [          ] INFO  restx.RestxMainRouterFactory - [RESTX REQUEST] GET /@/api-docs/euler - per request factory created in 278.8 ms
2015-11-06 10:51:56,466 [qtp422392391-23 ] [          ] INFO  restx.RestxMainRouterFactory - [RESTX REQUEST] GET /@/api-docs/messages - per request factory created in 244.0 ms
2015-11-06 10:51:56,472 [qtp422392391-25 ] [          ] INFO  restx.RestxMainRouterFactory - [RESTX REQUEST] GET /@/api-docs/config - per request factory created in 251.2 ms
2015-11-06 10:51:56,495 [qtp422392391-27 ] [          ] INFO  restx.RestxMainRouterFactory - [RESTX REQUEST] GET /@/api-docs/specs - per request factory created in 279.1 ms
2015-11-06 10:51:56,544 [qtp422392391-24 ] [          ] INFO  restx.RestxMainRouterFactory - [RESTX REQUEST] GET /@/api-docs/admin-pages - per request factory created in 357.0 ms
2015-11-06 10:51:56,635 [qtp422392391-22 ] [admin     ] INFO  restx.StdRestxMainRouter - << [RESTX REQUEST] GET /@/api-docs/json-schema >> OK - 296.2 ms
2015-11-06 10:51:56,651 [qtp422392391-25 ] [admin     ] INFO  restx.StdRestxMainRouter - << [RESTX REQUEST] GET /@/api-docs/config >> OK - 154.5 ms
2015-11-06 10:51:56,657 [qtp422392391-21 ] [admin     ] INFO  restx.StdRestxMainRouter - << [RESTX REQUEST] GET /@/api-docs/euler >> OK - 259.4 ms
2015-11-06 10:51:56,667 [qtp422392391-23 ] [admin     ] INFO  restx.StdRestxMainRouter - << [RESTX REQUEST] GET /@/api-docs/messages >> OK - 192.7 ms
2015-11-06 10:51:56,739 [qtp422392391-24 ] [admin     ] INFO  restx.StdRestxMainRouter - << [RESTX REQUEST] GET /@/api-docs/admin-pages >> OK - 189.0 ms
2015-11-06 10:51:56,819 [qtp422392391-27 ] [admin     ] INFO  restx.StdRestxMainRouter - << [RESTX REQUEST] GET /@/api-docs/specs >> OK - 322.2 ms
2015-11-06 10:51:56,933 [qtp422392391-22 ] [          ] INFO  restx.RestxMainRouterFactory - [RESTX REQUEST] GET /@/api-docs/messages-admin - per request factory created in 286.4 ms
2015-11-06 10:51:56,946 [qtp422392391-21 ] [          ] INFO  restx.RestxMainRouterFactory - [RESTX REQUEST] GET /@/api-docs/metrics - per request factory created in 286.5 ms
2015-11-06 10:51:57,003 [qtp422392391-25 ] [          ] INFO  restx.RestxMainRouterFactory - [RESTX REQUEST] GET /@/api-docs/log-admin - per request factory created in 347.0 ms
2015-11-06 10:51:57,005 [qtp422392391-23 ] [          ] INFO  restx.RestxMainRouterFactory - [RESTX REQUEST] GET /@/api-docs/monitor - per request factory created in 321.7 ms
2015-11-06 10:51:57,075 [qtp422392391-24 ] [admin     ] INFO  restx.StdRestxMainRouter - << [RESTX REQUEST] GET /@/api-docs/sessions >> OK - 122.0 ms
2015-11-06 10:51:57,092 [qtp422392391-21 ] [admin     ] INFO  restx.StdRestxMainRouter - << [RESTX REQUEST] GET /@/api-docs/metrics >> OK - 131.5 ms
2015-11-06 10:51:57,101 [qtp422392391-22 ] [admin     ] INFO  restx.StdRestxMainRouter - << [RESTX REQUEST] GET /@/api-docs/messages-admin >> OK - 157.7 ms
2015-11-06 10:51:57,114 [qtp422392391-23 ] [admin     ] INFO  restx.StdRestxMainRouter - << [RESTX REQUEST] GET /@/api-docs/monitor >> OK - 100.9 ms
2015-11-06 10:51:57,105 [qtp422392391-27 ] [          ] INFO  restx.RestxMainRouterFactory - [RESTX REQUEST] GET /@/api-docs/session - per request factory created in 270.4 ms
2015-11-06 10:51:57,143 [qtp422392391-25 ] [admin     ] INFO  restx.StdRestxMainRouter - << [RESTX REQUEST] GET /@/api-docs/log-admin >> OK - 133.6 ms
2015-11-06 10:51:57,184 [qtp422392391-27 ] [admin     ] INFO  restx.StdRestxMainRouter - << [RESTX REQUEST] GET /@/api-docs/session >> OK - 65.49 ms
2015-11-06 10:52:01,509 [qtp422392391-22 ] [admin     ] INFO  restx.StdRestxMainRouter - << [RESTX REQUEST] GET /@/api-docs/euler >> OK - 51.62 ms
2015-11-06 10:52:01,659 [qtp422392391-24 ] [admin     ] INFO  restx.StdRestxMainRouter - << [RESTX REQUEST] GET /@/api-docs >> OK - 219.9 ms
2015-11-06 10:52:01,682 [qtp422392391-23 ] [admin     ] INFO  restx.StdRestxMainRouter - << [RESTX REQUEST] GET /@/api-docs/notes/com.stekodyne.rest.EulerResource.notes.json >> NOT_FOUND - 28.04 ms
2015-11-06 10:52:01,784 [qtp422392391-25 ] [admin     ] INFO  restx.StdRestxMainRouter - << [RESTX REQUEST] GET /@/specs ? httpMethod=GET&path=/euler/1/{upto} >> OK - 133.0 ms
2015-11-06 10:52:10,690 [qtp422392391-26 ] [admin     ] INFO  restx.StdRestxMainRouter - << [RESTX REQUEST] GET /euler/1/10 >> OK - 56.82 ms
2015-11-06 10:54:57,778 [pool-2-thread-1 ] [          ] INFO  restx.classloader.CompilationManager - compilation finished: 1 sources compiled in 1.265 s
2015-11-06 10:55:02,567 [Thread-1        ] [          ] INFO  o.e.j.s.listener.ELContextCleaner - javax.el.BeanELResolver purged
2015-11-06 10:55:02,627 [Thread-1        ] [          ] INFO  o.e.jetty.util.thread.ShutdownThread - shutdown already commenced
